[0;34m[INFO][0m Creating branch: fix/nextjs-cve-20251216
Switched to a new branch 'fix/nextjs-cve-20251216'
[0;32m✅ [SUCCESS][0m Created branch: fix/nextjs-cve-20251216
[0;34m[INFO][0m Running npx fix-react2shell-next --fix...

[1mfix-react2shell-next[0m[2m - Next.js vulnerability scanner
[0m
[2mChecking for 4 known vulnerabilities:
[0m
[2m  - [0m[31mCVE-2025-66478[0m[2m (critical): Remote code execution via crafted RSC payload[0m
[2m  - [0m[33mCVE-2025-55184[0m[2m (high): DoS via malicious HTTP request causing server to hang and consume CPU[0m
[2m  - [0m[36mCVE-2025-55183[0m[2m (medium): Compiled Server Action source code can be exposed via malicious request[0m
[2m  - [0m[33mCVE-2025-67779[0m[2m (high): Incomplete fix for CVE-2025-55184 DoS via malicious RSC payload causing infinite loop[0m

[2mFound 1 package.json file(s)
[0m
[31mFound 1 vulnerable file(s):
[0m
[33m  package.json[0m
[2m     next: [0m[31m15.3.0[0m[2m -> [0m[32m15.3.8[0m[35m [CVE-2025-66478, CVE-2025-55184, CVE-2025-55183, CVE-2025-67779][0m

[36m
Applying fixes...
[0m
[32m   Updated package.json[0m
[36m
Installing dependencies...
[0m
[2m. (yarn)[0m
[2m
$ yarn install
[0m
[33m
Some install commands had issues.[0m
[2m   The package.json files have been updated.[0m
[2m   Please run install commands manually in the affected directories.
[0m
[0;32m✅ [SUCCESS][0m Fix command completed - vulnerabilities found and fixed
[0;34m[INFO][0m Updating lockfiles for modified packages...
[0;34m[INFO][0m   Found modified package.json in: .
[0;34m[INFO][0m Processing directory: .
[0;34m[INFO][0m   Detected yarn.lock in ., running yarn install...
./fix_nextjs_cve.sh: line 237: yarn: command not found
[1;33m⚠️  [WARNING][0m   yarn install had issues in .
[0;32m✅ [SUCCESS][0m Lockfiles updated
[0;34m[INFO][0m Changes detected, proceeding with commit...
